<?xml version="1.0" encoding="UTF-8"?>
<testsuite xmlns:xsi="http://www.w3.org/2001/XMLSchema-instance" xsi:noNamespaceSchemaLocation="https://maven.apache.org/surefire/maven-surefire-plugin/xsd/surefire-test-report-3.0.xsd" version="3.0" name="si413.spl.Lab08Test" time="0.096" tests="33" errors="0" skipped="0" failures="0">
  <properties>
[...]
</properties>
  <testcase name="expStmt1" classname="si413.spl.Lab08Test" time="0.002">
    <system-err><![CDATA[Test case expStmt1()...]]></system-err>
  </testcase>
  <testcase name="expStmt2" classname="si413.spl.Lab08Test" time="0.003">
    <system-err><![CDATA[passed!
Test case expStmt2()...]]></system-err>
  </testcase>
  <testcase name="expStmt3" classname="si413.spl.Lab08Test" time="0.003">
    <system-err><![CDATA[passed!
Test case expStmt3()...]]></system-err>
  </testcase>
  <testcase name="expStmt4" classname="si413.spl.Lab08Test" time="0.005">
    <system-err><![CDATA[passed!
Test case expStmt4()...]]></system-err>
  </testcase>
  <testcase name="lambdaNoExec" classname="si413.spl.Lab08Test" time="0.003">
    <system-err><![CDATA[passed!
Test case lambdaNoExec()...]]></system-err>
  </testcase>
  <testcase name="funRetScope" classname="si413.spl.Lab08Test" time="0.002">
    <system-err><![CDATA[passed!
Test case funRetScope()...]]></system-err>
  </testcase>
  <testcase name="funCallFun1" classname="si413.spl.Lab08Test" time="0.002">
    <system-err><![CDATA[passed!
Test case funCallFun1()...]]></system-err>
  </testcase>
  <testcase name="funCallFun2" classname="si413.spl.Lab08Test" time="0.002">
    <system-err><![CDATA[passed!
Test case funCallFun2()...]]></system-err>
  </testcase>
  <testcase name="funCallPow1" classname="si413.spl.Lab08Test" time="0.003">
    <system-err><![CDATA[passed!
Test case funCallPow1()...]]></system-err>
  </testcase>
  <testcase name="funCallPow2" classname="si413.spl.Lab08Test" time="0.004">
    <system-err><![CDATA[passed!
Test case funCallPow2()...]]></system-err>
  </testcase>
  <testcase name="twoFun" classname="si413.spl.Lab08Test" time="0.002">
    <system-err><![CDATA[passed!
Test case twoFun()...]]></system-err>
  </testcase>
  <testcase name="invalidFunCall" classname="si413.spl.Lab08Test" time="0.002">
    <system-err><![CDATA[passed!
Test case invalidFunCall()...]]></system-err>
  </testcase>
  <testcase name="axpbFun" classname="si413.spl.Lab08Test" time="0.003">
    <system-err><![CDATA[passed!
Test case axpbFun()...]]></system-err>
  </testcase>
  <testcase name="funLoop" classname="si413.spl.Lab08Test" time="0.003">
    <system-err><![CDATA[passed!
Test case funLoop()...]]></system-err>
  </testcase>
  <testcase name="expStmt1b" classname="si413.spl.Lab08Test" time="0.002">
    <system-err><![CDATA[passed!
Test case expStmt1b()...]]></system-err>
  </testcase>
  <testcase name="expStmt2b" classname="si413.spl.Lab08Test" time="0.002">
    <system-err><![CDATA[passed!
Test case expStmt2b()...]]></system-err>
  </testcase>
  <testcase name="expStmt3b" classname="si413.spl.Lab08Test" time="0.001">
    <system-err><![CDATA[passed!
Test case expStmt3b()...]]></system-err>
  </testcase>
  <testcase name="nestedAssign" classname="si413.spl.Lab08Test" time="0.001">
    <system-err><![CDATA[passed!
Test case nestedAssign()...]]></system-err>
  </testcase>
  <testcase name="prevNextFun" classname="si413.spl.Lab08Test" time="0.002">
    <system-err><![CDATA[passed!
Test case prevNextFun()...]]></system-err>
  </testcase>
  <testcase name="deepNest" classname="si413.spl.Lab08Test" time="0.002">
    <system-err><![CDATA[passed!
Test case deepNest()...]]></system-err>
  </testcase>
  <testcase name="lambdaExpression" classname="si413.spl.Lab08Test" time="0.002">
    <system-err><![CDATA[passed!
Test case lambdaExpression()...]]></system-err>
  </testcase>
  <testcase name="nestedReassign" classname="si413.spl.Lab08Test" time="0.002">
    <system-err><![CDATA[passed!
Test case nestedReassign()...]]></system-err>
  </testcase>
  <testcase name="asnScopeError" classname="si413.spl.Lab08Test" time="0.002">
    <system-err><![CDATA[passed!
Test case asnScopeError()...]]></system-err>
  </testcase>
  <testcase name="funCallArg" classname="si413.spl.Lab08Test" time="0.002">
    <system-err><![CDATA[passed!
Test case funCallArg()...]]></system-err>
  </testcase>
  <testcase name="funCallRet" classname="si413.spl.Lab08Test" time="0.001">
    <system-err><![CDATA[passed!
Test case funCallRet()...]]></system-err>
  </testcase>
  <testcase name="outerInnerScope" classname="si413.spl.Lab08Test" time="0.002">
    <system-err><![CDATA[passed!
Test case outerInnerScope()...]]></system-err>
  </testcase>
  <testcase name="countDown" classname="si413.spl.Lab08Test" time="0.002">
    <system-err><![CDATA[passed!
Test case countDown()...]]></system-err>
  </testcase>
  <testcase name="funArgScope" classname="si413.spl.Lab08Test" time="0.001">
    <system-err><![CDATA[passed!
Test case funArgScope()...]]></system-err>
  </testcase>
  <testcase name="funScope" classname="si413.spl.Lab08Test" time="0.002">
    <system-err><![CDATA[passed!
Test case funScope()...]]></system-err>
  </testcase>
  <testcase name="basicFunCall" classname="si413.spl.Lab08Test" time="0.001">
    <system-err><![CDATA[passed!
Test case basicFunCall()...]]></system-err>
  </testcase>
  <testcase name="outOfScopeError" classname="si413.spl.Lab08Test" time="0.002">
    <system-err><![CDATA[passed!
Test case outOfScopeError()...]]></system-err>
  </testcase>
  <testcase name="ifScope" classname="si413.spl.Lab08Test" time="0.001">
    <system-err><![CDATA[passed!
Test case ifScope()...]]></system-err>
  </testcase>
  <testcase name="lambdaLoop" classname="si413.spl.Lab08Test" time="0.001">
    <system-err><![CDATA[passed!
Test case lambdaLoop()...]]></system-err>
  </testcase>
</testsuite>