<?xml version="1.0" encoding="UTF-8"?>
<testsuite xmlns:xsi="http://www.w3.org/2001/XMLSchema-instance" xsi:noNamespaceSchemaLocation="https://maven.apache.org/surefire/maven-surefire-plugin/xsd/surefire-test-report-3.0.xsd" version="3.0" name="si413.spl.Lab07Test" time="0.16" tests="82" errors="0" skipped="0" failures="0">
  <properties>
[...]
</properties>
  <testcase name="newLookupSingle" classname="si413.spl.Lab07Test" time="0.002">
    <system-err><![CDATA[Test case newLookupSingle()...]]></system-err>
  </testcase>
  <testcase name="numArith" classname="si413.spl.Lab07Test" time="0.007">
    <system-err><![CDATA[passed!
Test case numArith()...]]></system-err>
  </testcase>
  <testcase name="whileOnce" classname="si413.spl.Lab07Test" time="0.001">
    <system-err><![CDATA[passed!
Test case whileOnce()...]]></system-err>
  </testcase>
  <testcase name="debugStmt1" classname="si413.spl.Lab07Test" time="0.001">
    <system-err><![CDATA[passed!
Test case debugStmt1()...]]></system-err>
  </testcase>
  <testcase name="debugStmt2" classname="si413.spl.Lab07Test" time="0.002">
    <system-err><![CDATA[passed!
Test case debugStmt2()...]]></system-err>
  </testcase>
  <testcase name="write123" classname="si413.spl.Lab07Test" time="0.001">
    <system-err><![CDATA[passed!
Test case write123()...]]></system-err>
  </testcase>
  <testcase name="writeNeg" classname="si413.spl.Lab07Test" time="0.001">
    <system-err><![CDATA[passed!
Test case writeNeg()...]]></system-err>
  </testcase>
  <testcase name="compArith1" classname="si413.spl.Lab07Test" time="0.001">
    <system-err><![CDATA[passed!
Test case compArith1()...]]></system-err>
  </testcase>
  <testcase name="compArith2" classname="si413.spl.Lab07Test" time="0.001">
    <system-err><![CDATA[passed!
Test case compArith2()...]]></system-err>
  </testcase>
  <testcase name="compArith3" classname="si413.spl.Lab07Test" time="0.002">
    <system-err><![CDATA[passed!
Test case compArith3()...]]></system-err>
  </testcase>
  <testcase name="simpleIfElse" classname="si413.spl.Lab07Test" time="0.001">
    <system-err><![CDATA[passed!
Test case simpleIfElse()...]]></system-err>
  </testcase>
  <testcase name="shortCircuitDivZero" classname="si413.spl.Lab07Test" time="0.001">
    <system-err><![CDATA[passed!
Test case shortCircuitDivZero()...]]></system-err>
  </testcase>
  <testcase name="arithNeg" classname="si413.spl.Lab07Test" time="0.001">
    <system-err><![CDATA[passed!
Test case arithNeg()...]]></system-err>
  </testcase>
  <testcase name="errBind" classname="si413.spl.Lab07Test" time="0.001">
    <system-err><![CDATA[passed!
Test case errBind()...]]></system-err>
  </testcase>
  <testcase name="simpleBlock" classname="si413.spl.Lab07Test" time="0.001">
    <system-err><![CDATA[passed!
Test case simpleBlock()...]]></system-err>
  </testcase>
  <testcase name="blocks" classname="si413.spl.Lab07Test" time="0.003">
    <system-err><![CDATA[passed!
Test case blocks()...]]></system-err>
  </testcase>
  <testcase name="boolOp" classname="si413.spl.Lab07Test" time="0.001">
    <system-err><![CDATA[passed!
Test case boolOp()...]]></system-err>
  </testcase>
  <testcase name="minusDiv" classname="si413.spl.Lab07Test" time="0.001">
    <system-err><![CDATA[passed!
Test case minusDiv()...]]></system-err>
  </testcase>
  <testcase name="shortCircuitRead" classname="si413.spl.Lab07Test" time="0.001">
    <system-err><![CDATA[passed!
Test case shortCircuitRead()...]]></system-err>
  </testcase>
  <testcase name="emptyBlock" classname="si413.spl.Lab07Test" time="0.001">
    <system-err><![CDATA[passed!
Test case emptyBlock()...]]></system-err>
  </testcase>
  <testcase name="negAdd" classname="si413.spl.Lab07Test" time="0.001">
    <system-err><![CDATA[passed!
Test case negAdd()...]]></system-err>
  </testcase>
  <testcase name="newAsn" classname="si413.spl.Lab07Test" time="0.001">
    <system-err><![CDATA[passed!
Test case newAsn()...]]></system-err>
  </testcase>
  <testcase name="newVar" classname="si413.spl.Lab07Test" time="0.001">
    <system-err><![CDATA[passed!
Test case newVar()...]]></system-err>
  </testcase>
  <testcase name="readMany" classname="si413.spl.Lab07Test" time="0.001">
    <system-err><![CDATA[passed!
Test case readMany()...]]></system-err>
  </testcase>
  <testcase name="readOnce" classname="si413.spl.Lab07Test" time="0.001">
    <system-err><![CDATA[passed!
Test case readOnce()...]]></system-err>
  </testcase>
  <testcase name="newLookup" classname="si413.spl.Lab07Test" time="0.001">
    <system-err><![CDATA[passed!
Test case newLookup()...]]></system-err>
  </testcase>
  <testcase name="errLookup" classname="si413.spl.Lab07Test" time="0.001">
    <system-err><![CDATA[passed!
Test case errLookup()...]]></system-err>
  </testcase>
  <testcase name="writeArith" classname="si413.spl.Lab07Test" time="0.002">
    <system-err><![CDATA[passed!
Test case writeArith()...]]></system-err>
  </testcase>
  <testcase name="writeComp1" classname="si413.spl.Lab07Test" time="0.001">
    <system-err><![CDATA[passed!
Test case writeComp1()...]]></system-err>
  </testcase>
  <testcase name="writeComp2" classname="si413.spl.Lab07Test" time="0.001">
    <system-err><![CDATA[passed!
Test case writeComp2()...]]></system-err>
  </testcase>
  <testcase name="funcallAST" classname="si413.spl.Lab07Test" time="0.002">
    <system-err><![CDATA[passed!
Test case funcallAST()...]]></system-err>
  </testcase>
  <testcase name="asnError" classname="si413.spl.Lab07Test" time="0.001">
    <system-err><![CDATA[passed!
Test case asnError()...]]></system-err>
  </testcase>
  <testcase name="errRebind" classname="si413.spl.Lab07Test" time="0.001">
    <system-err><![CDATA[passed!
Test case errRebind()...]]></system-err>
  </testcase>
  <testcase name="asnLookupSingle" classname="si413.spl.Lab07Test" time="0.001">
    <system-err><![CDATA[passed!
Test case asnLookupSingle()...]]></system-err>
  </testcase>
  <testcase name="debugLoop" classname="si413.spl.Lab07Test" time="0.001">
    <system-err><![CDATA[passed!
Test case debugLoop()...]]></system-err>
  </testcase>
  <testcase name="debugStmt" classname="si413.spl.Lab07Test" time="0.001">
    <system-err><![CDATA[passed!
Test case debugStmt()...]]></system-err>
  </testcase>
  <testcase name="asn" classname="si413.spl.Lab07Test" time="0.001">
    <system-err><![CDATA[passed!
Test case asn()...]]></system-err>
  </testcase>
  <testcase name="not" classname="si413.spl.Lab07Test" time="0.001">
    <system-err><![CDATA[passed!
Test case not()...]]></system-err>
  </testcase>
  <testcase name="num" classname="si413.spl.Lab07Test" time="0.001">
    <system-err><![CDATA[passed!
Test case num()...]]></system-err>
  </testcase>
  <testcase name="comp" classname="si413.spl.Lab07Test" time="0.002">
    <system-err><![CDATA[passed!
Test case comp()...]]></system-err>
  </testcase>
  <testcase name="neg1" classname="si413.spl.Lab07Test" time="0.002">
    <system-err><![CDATA[passed!
Test case neg1()...]]></system-err>
  </testcase>
  <testcase name="neg2" classname="si413.spl.Lab07Test" time="0.001">
    <system-err><![CDATA[passed!
Test case neg2()...]]></system-err>
  </testcase>
  <testcase name="plus" classname="si413.spl.Lab07Test" time="0.001">
    <system-err><![CDATA[passed!
Test case plus()...]]></system-err>
  </testcase>
  <testcase name="vars" classname="si413.spl.Lab07Test" time="0.002">
    <system-err><![CDATA[passed!
Test case vars()...]]></system-err>
  </testcase>
  <testcase name="boolExp" classname="si413.spl.Lab07Test" time="0.001">
    <system-err><![CDATA[passed!
Test case boolExp()...]]></system-err>
  </testcase>
  <testcase name="boolOps" classname="si413.spl.Lab07Test" time="0.002">
    <system-err><![CDATA[passed!
Test case boolOps()...]]></system-err>
  </testcase>
  <testcase name="arith" classname="si413.spl.Lab07Test" time="0.001">
    <system-err><![CDATA[passed!
Test case arith()...]]></system-err>
  </testcase>
  <testcase name="block" classname="si413.spl.Lab07Test" time="0.001">
    <system-err><![CDATA[passed!
Test case block()...]]></system-err>
  </testcase>
  <testcase name="notOp" classname="si413.spl.Lab07Test" time="0.001">
    <system-err><![CDATA[passed!
Test case notOp()...]]></system-err>
  </testcase>
  <testcase name="read1" classname="si413.spl.Lab07Test" time="0.001">
    <system-err><![CDATA[passed!
Test case read1()...]]></system-err>
  </testcase>
  <testcase name="read2" classname="si413.spl.Lab07Test" time="0.001">
    <system-err><![CDATA[passed!
Test case read2()...]]></system-err>
  </testcase>
  <testcase name="ifNoError" classname="si413.spl.Lab07Test" time="0.002">
    <system-err><![CDATA[passed!
Test case ifNoError()...]]></system-err>
  </testcase>
  <testcase name="nestedBlocks" classname="si413.spl.Lab07Test" time="0.001">
    <system-err><![CDATA[passed!
Test case nestedBlocks()...]]></system-err>
  </testcase>
  <testcase name="asnLookup" classname="si413.spl.Lab07Test" time="0.001">
    <system-err><![CDATA[passed!
Test case asnLookup()...]]></system-err>
  </testcase>
  <testcase name="lambdaAST" classname="si413.spl.Lab07Test" time="0.001">
    <system-err><![CDATA[passed!
Test case lambdaAST()...]]></system-err>
  </testcase>
  <testcase name="simpleIf" classname="si413.spl.Lab07Test" time="0.001">
    <system-err><![CDATA[passed!
Test case simpleIf()...]]></system-err>
  </testcase>
  <testcase name="nestedIfElse" classname="si413.spl.Lab07Test" time="0.001">
    <system-err><![CDATA[passed!
Test case nestedIfElse()...]]></system-err>
  </testcase>
  <testcase name="debugAST" classname="si413.spl.Lab07Test" time="0.001">
    <system-err><![CDATA[passed!
Test case debugAST()...]]></system-err>
  </testcase>
  <testcase name="newAsnWrite" classname="si413.spl.Lab07Test" time="0.002">
    <system-err><![CDATA[passed!
Test case newAsnWrite()...]]></system-err>
  </testcase>
  <testcase name="writeEquals" classname="si413.spl.Lab07Test" time="0.001">
    <system-err><![CDATA[passed!
Test case writeEquals()...]]></system-err>
  </testcase>
  <testcase name="readMul" classname="si413.spl.Lab07Test" time="0.001">
    <system-err><![CDATA[passed!
Test case readMul()...]]></system-err>
  </testcase>
  <testcase name="newError" classname="si413.spl.Lab07Test" time="0.001">
    <system-err><![CDATA[passed!
Test case newError()...]]></system-err>
  </testcase>
  <testcase name="newStmt1" classname="si413.spl.Lab07Test" time="0.001">
    <system-err><![CDATA[passed!
Test case newStmt1()...]]></system-err>
  </testcase>
  <testcase name="newStmt2" classname="si413.spl.Lab07Test" time="0.001">
    <system-err><![CDATA[passed!
Test case newStmt2()...]]></system-err>
  </testcase>
  <testcase name="newWrite" classname="si413.spl.Lab07Test" time="0.001">
    <system-err><![CDATA[passed!
Test case newWrite()...]]></system-err>
  </testcase>
  <testcase name="write10" classname="si413.spl.Lab07Test" time="0.001">
    <system-err><![CDATA[passed!
Test case write10()...]]></system-err>
  </testcase>
  <testcase name="ifElseVars" classname="si413.spl.Lab07Test" time="0.001">
    <system-err><![CDATA[passed!
Test case ifElseVars()...]]></system-err>
  </testcase>
  <testcase name="lookupError" classname="si413.spl.Lab07Test" time="0.001">
    <system-err><![CDATA[passed!
Test case lookupError()...]]></system-err>
  </testcase>
  <testcase name="ifElse1" classname="si413.spl.Lab07Test" time="0.002">
    <system-err><![CDATA[passed!
Test case ifElse1()...]]></system-err>
  </testcase>
  <testcase name="ifElse2" classname="si413.spl.Lab07Test" time="0.002">
    <system-err><![CDATA[passed!
Test case ifElse2()...]]></system-err>
  </testcase>
  <testcase name="ifElse3" classname="si413.spl.Lab07Test" time="0.002">
    <system-err><![CDATA[passed!
Test case ifElse3()...]]></system-err>
  </testcase>
  <testcase name="ifElse4" classname="si413.spl.Lab07Test" time="0.001">
    <system-err><![CDATA[passed!
Test case ifElse4()...]]></system-err>
  </testcase>
  <testcase name="whileFalse" classname="si413.spl.Lab07Test" time="0.001">
    <system-err><![CDATA[passed!
Test case whileFalse()...]]></system-err>
  </testcase>
  <testcase name="whileCollatz" classname="si413.spl.Lab07Test" time="0.001">
    <system-err><![CDATA[passed!
Test case whileCollatz()...]]></system-err>
  </testcase>
  <testcase name="divideByZero" classname="si413.spl.Lab07Test" time="0.001">
    <system-err><![CDATA[passed!
Test case divideByZero()...]]></system-err>
  </testcase>
  <testcase name="whileStmt1" classname="si413.spl.Lab07Test" time="0.002">
    <system-err><![CDATA[passed!
Test case whileStmt1()...]]></system-err>
  </testcase>
  <testcase name="whileStmt2" classname="si413.spl.Lab07Test" time="0.002">
    <system-err><![CDATA[passed!
Test case whileStmt2()...]]></system-err>
  </testcase>
  <testcase name="whileStmt3" classname="si413.spl.Lab07Test" time="0.001">
    <system-err><![CDATA[passed!
Test case whileStmt3()...]]></system-err>
  </testcase>
  <testcase name="whileCountUp" classname="si413.spl.Lab07Test" time="0.001">
    <system-err><![CDATA[passed!
Test case whileCountUp()...]]></system-err>
  </testcase>
  <testcase name="shortCircuit1" classname="si413.spl.Lab07Test" time="0.002">
    <system-err><![CDATA[passed!
Test case shortCircuit1()...]]></system-err>
  </testcase>
  <testcase name="shortCircuit2" classname="si413.spl.Lab07Test" time="0.001">
    <system-err><![CDATA[passed!
Test case shortCircuit2()...]]></system-err>
  </testcase>
  <testcase name="boolArith" classname="si413.spl.Lab07Test" time="0.002">
    <system-err><![CDATA[passed!
Test case boolArith()...]]></system-err>
  </testcase>
</testsuite>