-------------------------------------------------------------------------------
Test set: si413.spl.Ex4Test
-------------------------------------------------------------------------------
Tests run: 3, Failures: 0, Errors: 3, Skipped: 0, Time elapsed: 0.270 s <<< FAILURE! -- in si413.spl.Ex4Test
si413.spl.Ex4Test.employees -- Time elapsed: 0.201 s <<< ERROR!
si413.spl.MockInterpreter$Error: Cannot bind 'paycheck', already set to 'Closure#5'
	at si413.spl.MockInterpreter.error(MockInterpreter.java:79)
	at si413.spl.Frame.bind(Frame.java:61)
	at si413.spl.ast.NewStmt.execute(NewStmt.java:25)
	at si413.spl.ast.NewClass.evaluate(NewClass.java:22)
	at si413.spl.ast.NewStmt.execute(NewStmt.java:24)
	at si413.spl.MockInterpreter.run(MockInterpreter.java:95)
	at si413.spl.SPLTestBase.runSpli(SPLTestBase.java:33)
	at si413.spl.SPLTestBase.runSpli(SPLTestBase.java:42)
	at si413.spl.Ex4Test.employees(Ex4Test.java:10)
	at java.base/java.lang.reflect.Method.invoke(Method.java:580)
	at java.base/java.util.concurrent.FutureTask.run(FutureTask.java:317)
	at java.base/java.util.concurrent.ThreadPoolExecutor.runWorker(ThreadPoolExecutor.java:1144)
	at java.base/java.util.concurrent.ThreadPoolExecutor$Worker.run(ThreadPoolExecutor.java:642)
	at java.base/java.lang.Thread.run(Thread.java:1583)

si413.spl.Ex4Test.bstInheritance -- Time elapsed: 0.023 s <<< ERROR!
java.lang.NullPointerException: Cannot invoke "si413.spl.ast.ClassDecl.getBody()" because the return value of "si413.spl.ClassClosure.getSuperCls()" is null
	at si413.spl.ast.NewClass.evaluate(NewClass.java:21)
	at si413.spl.ast.NewStmt.execute(NewStmt.java:24)
	at si413.spl.MockInterpreter.run(MockInterpreter.java:95)
	at si413.spl.SPLTestBase.runSpli(SPLTestBase.java:33)
	at si413.spl.SPLTestBase.runSpli(SPLTestBase.java:42)
	at si413.spl.Ex4Test.bstInheritance(Ex4Test.java:62)
	at java.base/java.lang.reflect.Method.invoke(Method.java:580)
	at java.base/java.util.concurrent.FutureTask.run(FutureTask.java:317)
	at java.base/java.util.concurrent.ThreadPoolExecutor.runWorker(ThreadPoolExecutor.java:1144)
	at java.base/java.util.concurrent.ThreadPoolExecutor$Worker.run(ThreadPoolExecutor.java:642)
	at java.base/java.lang.Thread.run(Thread.java:1583)

si413.spl.Ex4Test.funkyInheritance -- Time elapsed: 0.004 s <<< ERROR!
si413.spl.MockInterpreter$Error: No binding for variable 'y'
	at si413.spl.MockInterpreter.error(MockInterpreter.java:79)
	at si413.spl.Frame.lookup(Frame.java:50)
	at si413.spl.Frame.lookup(Frame.java:45)
	at si413.spl.ast.Id.evaluate(Id.java:21)
	at si413.spl.ast.ArithOp.evaluate(ArithOp.java:27)
	at si413.spl.ast.Asn.execute(Asn.java:24)
	at si413.spl.ast.NewClass.evaluate(NewClass.java:26)
	at si413.spl.ast.Asn.execute(Asn.java:24)
	at si413.spl.ast.Block.execute(Block.java:33)
	at si413.spl.ast.FunCall.evaluate(FunCall.java:26)
	at si413.spl.ast.ClassRef.evaluate(ClassRef.java:19)
	at si413.spl.ast.Write.execute(Write.java:17)
	at si413.spl.MockInterpreter.run(MockInterpreter.java:95)
	at si413.spl.SPLTestBase.runSpli(SPLTestBase.java:33)
	at si413.spl.SPLTestBase.runSpli(SPLTestBase.java:42)
	at si413.spl.Ex4Test.funkyInheritance(Ex4Test.java:43)
	at java.base/java.lang.reflect.Method.invoke(Method.java:580)
	at java.base/java.util.concurrent.FutureTask.run(FutureTask.java:317)
	at java.base/java.util.concurrent.ThreadPoolExecutor.runWorker(ThreadPoolExecutor.java:1144)
	at java.base/java.util.concurrent.ThreadPoolExecutor$Worker.run(ThreadPoolExecutor.java:642)
	at java.base/java.lang.Thread.run(Thread.java:1583)

