<?xml version="1.0" encoding="UTF-8"?>
<testsuite xmlns:xsi="http://www.w3.org/2001/XMLSchema-instance" xsi:noNamespaceSchemaLocation="https://maven.apache.org/surefire/maven-surefire-plugin/xsd/surefire-test-report-3.0.xsd" version="3.0" name="si413.spl.Ex4Test" time="0.27" tests="3" errors="3" skipped="0" failures="0">
  <properties>
    <property name="java.specification.version" value="21"/>
    <property name="sun.jnu.encoding" value="UTF-8"/>
    <property name="java.class.path" value="/home/mids/m256642/general/usna/si413/lab12/target/test-classes:/home/mids/m256642/general/usna/si413/lab12/target/classes:/home/mids/m256642/.m2/repository/org/antlr/antlr4-runtime/4.13.1/antlr4-runtime-4.13.1.jar:/home/mids/m256642/.m2/repository/org/antlr/antlr4/4.13.1/antlr4-4.13.1.jar:/home/mids/m256642/.m2/repository/org/antlr/antlr-runtime/3.5.3/antlr-runtime-3.5.3.jar:/home/mids/m256642/.m2/repository/org/antlr/ST4/4.3.4/ST4-4.3.4.jar:/home/mids/m256642/.m2/repository/org/abego/treelayout/org.abego.treelayout.core/1.0.3/org.abego.treelayout.core-1.0.3.jar:/home/mids/m256642/.m2/repository/com/ibm/icu/icu4j/72.1/icu4j-72.1.jar:/home/mids/m256642/.m2/repository/net/harawata/appdirs/1.2.2/appdirs-1.2.2.jar:/home/mids/m256642/.m2/repository/net/java/dev/jna/jna-platform/5.13.0/jna-platform-5.13.0.jar:/home/mids/m256642/.m2/repository/net/java/dev/jna/jna/5.13.0/jna-5.13.0.jar:/home/mids/m256642/.m2/repository/org/jline/jline/3.23.0/jline-3.23.0.jar:/home/mids/m256642/.m2/repository/org/junit/jupiter/junit-jupiter/5.10.0/junit-jupiter-5.10.0.jar:/home/mids/m256642/.m2/repository/org/junit/jupiter/junit-jupiter-api/5.10.0/junit-jupiter-api-5.10.0.jar:/home/mids/m256642/.m2/repository/org/opentest4j/opentest4j/1.3.0/opentest4j-1.3.0.jar:/home/mids/m256642/.m2/repository/org/junit/platform/junit-platform-commons/1.10.0/junit-platform-commons-1.10.0.jar:/home/mids/m256642/.m2/repository/org/junit/jupiter/junit-jupiter-params/5.10.0/junit-jupiter-params-5.10.0.jar:/home/mids/m256642/.m2/repository/org/junit/jupiter/junit-jupiter-engine/5.10.0/junit-jupiter-engine-5.10.0.jar:/home/mids/m256642/.m2/repository/org/junit/platform/junit-platform-launcher/1.10.0/junit-platform-launcher-1.10.0.jar:/home/mids/m256642/.m2/repository/org/junit/platform/junit-platform-engine/1.10.0/junit-platform-engine-1.10.0.jar:/home/mids/m256642/.m2/repository/org/apiguardian/apiguardian-api/1.1.2/apiguardian-api-1.1.2.jar:/home/mids/m256642/.m2/repository/net/sourceforge/argparse4j/argparse4j/0.9.0/argparse4j-0.9.0.jar:"/>
    <property name="java.vm.vendor" value="Ubuntu"/>
    <property name="sun.arch.data.model" value="64"/>
    <property name="java.vendor.url" value="https://ubuntu.com/"/>
    <property name="os.name" value="Linux"/>
    <property name="java.vm.specification.version" value="21"/>
    <property name="sun.java.launcher" value="SUN_STANDARD"/>
    <property name="user.country" value="US"/>
    <property name="sun.boot.library.path" value="/usr/lib/jvm/java-21-openjdk-amd64/lib"/>
    <property name="sun.java.command" value="/home/mids/m256642/general/usna/si413/lab12/target/surefire/surefirebooter-20241202155049509_3.jar /home/mids/m256642/general/usna/si413/lab12/target/surefire 2024-12-02T15-50-49_387-jvmRun1 surefire-20241202155049509_1tmp surefire_0-20241202155049509_2tmp"/>
    <property name="jdk.debug" value="release"/>
    <property name="test" value="Ex4Test"/>
    <property name="surefire.test.class.path" value="/home/mids/m256642/general/usna/si413/lab12/target/test-classes:/home/mids/m256642/general/usna/si413/lab12/target/classes:/home/mids/m256642/.m2/repository/org/antlr/antlr4-runtime/4.13.1/antlr4-runtime-4.13.1.jar:/home/mids/m256642/.m2/repository/org/antlr/antlr4/4.13.1/antlr4-4.13.1.jar:/home/mids/m256642/.m2/repository/org/antlr/antlr-runtime/3.5.3/antlr-runtime-3.5.3.jar:/home/mids/m256642/.m2/repository/org/antlr/ST4/4.3.4/ST4-4.3.4.jar:/home/mids/m256642/.m2/repository/org/abego/treelayout/org.abego.treelayout.core/1.0.3/org.abego.treelayout.core-1.0.3.jar:/home/mids/m256642/.m2/repository/com/ibm/icu/icu4j/72.1/icu4j-72.1.jar:/home/mids/m256642/.m2/repository/net/harawata/appdirs/1.2.2/appdirs-1.2.2.jar:/home/mids/m256642/.m2/repository/net/java/dev/jna/jna-platform/5.13.0/jna-platform-5.13.0.jar:/home/mids/m256642/.m2/repository/net/java/dev/jna/jna/5.13.0/jna-5.13.0.jar:/home/mids/m256642/.m2/repository/org/jline/jline/3.23.0/jline-3.23.0.jar:/home/mids/m256642/.m2/repository/org/junit/jupiter/junit-jupiter/5.10.0/junit-jupiter-5.10.0.jar:/home/mids/m256642/.m2/repository/org/junit/jupiter/junit-jupiter-api/5.10.0/junit-jupiter-api-5.10.0.jar:/home/mids/m256642/.m2/repository/org/opentest4j/opentest4j/1.3.0/opentest4j-1.3.0.jar:/home/mids/m256642/.m2/repository/org/junit/platform/junit-platform-commons/1.10.0/junit-platform-commons-1.10.0.jar:/home/mids/m256642/.m2/repository/org/junit/jupiter/junit-jupiter-params/5.10.0/junit-jupiter-params-5.10.0.jar:/home/mids/m256642/.m2/repository/org/junit/jupiter/junit-jupiter-engine/5.10.0/junit-jupiter-engine-5.10.0.jar:/home/mids/m256642/.m2/repository/org/junit/platform/junit-platform-launcher/1.10.0/junit-platform-launcher-1.10.0.jar:/home/mids/m256642/.m2/repository/org/junit/platform/junit-platform-engine/1.10.0/junit-platform-engine-1.10.0.jar:/home/mids/m256642/.m2/repository/org/apiguardian/apiguardian-api/1.1.2/apiguardian-api-1.1.2.jar:/home/mids/m256642/.m2/repository/net/sourceforge/argparse4j/argparse4j/0.9.0/argparse4j-0.9.0.jar:"/>
    <property name="sun.cpu.endian" value="little"/>
    <property name="user.home" value="/home/mids/m256642"/>
    <property name="user.language" value="en"/>
    <property name="java.specification.vendor" value="Oracle Corporation"/>
    <property name="java.version.date" value="2024-10-15"/>
    <property name="java.home" value="/usr/lib/jvm/java-21-openjdk-amd64"/>
    <property name="file.separator" value="/"/>
    <property name="basedir" value="/home/mids/m256642/general/usna/si413/lab12"/>
    <property name="java.vm.compressedOopsMode" value="Zero based"/>
    <property name="line.separator" value="&#10;"/>
    <property name="java.specification.name" value="Java Platform API Specification"/>
    <property name="java.vm.specification.vendor" value="Oracle Corporation"/>
    <property name="surefire.real.class.path" value="/home/mids/m256642/general/usna/si413/lab12/target/surefire/surefirebooter-20241202155049509_3.jar"/>
    <property name="sun.management.compiler" value="HotSpot 64-Bit Tiered Compilers"/>
    <property name="java.runtime.version" value="21.0.5+11-Ubuntu-1ubuntu124.04"/>
    <property name="user.name" value="m256642"/>
    <property name="stdout.encoding" value="UTF-8"/>
    <property name="path.separator" value=":"/>
    <property name="os.version" value="6.8.0-49-generic"/>
    <property name="java.runtime.name" value="OpenJDK Runtime Environment"/>
    <property name="file.encoding" value="UTF-8"/>
    <property name="java.vm.name" value="OpenJDK 64-Bit Server VM"/>
    <property name="localRepository" value="/home/mids/m256642/.m2/repository"/>
    <property name="java.vendor.url.bug" value="https://bugs.launchpad.net/ubuntu/+source/openjdk-21"/>
    <property name="java.io.tmpdir" value="/tmp"/>
    <property name="java.version" value="21.0.5"/>
    <property name="user.dir" value="/home/mids/m256642/general/usna/si413/lab12"/>
    <property name="os.arch" value="amd64"/>
    <property name="java.vm.specification.name" value="Java Virtual Machine Specification"/>
    <property name="org.slf4j.simpleLogger.defaultLogLevel" value="error"/>
    <property name="native.encoding" value="UTF-8"/>
    <property name="java.library.path" value="/usr/java/packages/lib:/usr/lib/x86_64-linux-gnu/jni:/lib/x86_64-linux-gnu:/usr/lib/x86_64-linux-gnu:/usr/lib/jni:/lib:/usr/lib"/>
    <property name="java.vm.info" value="mixed mode, sharing"/>
    <property name="stderr.encoding" value="UTF-8"/>
    <property name="java.vendor" value="Ubuntu"/>
    <property name="java.vm.version" value="21.0.5+11-Ubuntu-1ubuntu124.04"/>
    <property name="sun.io.unicode.encoding" value="UnicodeLittle"/>
    <property name="java.class.version" value="65.0"/>
  </properties>
  <testcase name="employees" classname="si413.spl.Ex4Test" time="0.201">
    <error message="Cannot bind &apos;paycheck&apos;, already set to &apos;Closure#5&apos;" type="si413.spl.MockInterpreter$Error"><![CDATA[si413.spl.MockInterpreter$Error: Cannot bind 'paycheck', already set to 'Closure#5'
	at si413.spl.MockInterpreter.error(MockInterpreter.java:79)
	at si413.spl.Frame.bind(Frame.java:61)
	at si413.spl.ast.NewStmt.execute(NewStmt.java:25)
	at si413.spl.ast.NewClass.evaluate(NewClass.java:22)
	at si413.spl.ast.NewStmt.execute(NewStmt.java:24)
	at si413.spl.MockInterpreter.run(MockInterpreter.java:95)
	at si413.spl.SPLTestBase.runSpli(SPLTestBase.java:33)
	at si413.spl.SPLTestBase.runSpli(SPLTestBase.java:42)
	at si413.spl.Ex4Test.employees(Ex4Test.java:10)
	at java.base/java.lang.reflect.Method.invoke(Method.java:580)
	at java.base/java.util.concurrent.FutureTask.run(FutureTask.java:317)
	at java.base/java.util.concurrent.ThreadPoolExecutor.runWorker(ThreadPoolExecutor.java:1144)
	at java.base/java.util.concurrent.ThreadPoolExecutor$Worker.run(ThreadPoolExecutor.java:642)
	at java.base/java.lang.Thread.run(Thread.java:1583)
]]></error>
    <system-err><![CDATA[Running tests from Ex4Test
Test case employees()...]]></system-err>
  </testcase>
  <testcase name="bstInheritance" classname="si413.spl.Ex4Test" time="0.023">
    <error message="Cannot invoke &quot;si413.spl.ast.ClassDecl.getBody()&quot; because the return value of &quot;si413.spl.ClassClosure.getSuperCls()&quot; is null" type="java.lang.NullPointerException"><![CDATA[java.lang.NullPointerException: Cannot invoke "si413.spl.ast.ClassDecl.getBody()" because the return value of "si413.spl.ClassClosure.getSuperCls()" is null
	at si413.spl.ast.NewClass.evaluate(NewClass.java:21)
	at si413.spl.ast.NewStmt.execute(NewStmt.java:24)
	at si413.spl.MockInterpreter.run(MockInterpreter.java:95)
	at si413.spl.SPLTestBase.runSpli(SPLTestBase.java:33)
	at si413.spl.SPLTestBase.runSpli(SPLTestBase.java:42)
	at si413.spl.Ex4Test.bstInheritance(Ex4Test.java:62)
	at java.base/java.lang.reflect.Method.invoke(Method.java:580)
	at java.base/java.util.concurrent.FutureTask.run(FutureTask.java:317)
	at java.base/java.util.concurrent.ThreadPoolExecutor.runWorker(ThreadPoolExecutor.java:1144)
	at java.base/java.util.concurrent.ThreadPoolExecutor$Worker.run(ThreadPoolExecutor.java:642)
	at java.base/java.lang.Thread.run(Thread.java:1583)
]]></error>
    <system-err><![CDATA[FAILED
  Cannot bind 'paycheck', already set to 'Closure#5'
Test case bstInheritance()...]]></system-err>
  </testcase>
  <testcase name="funkyInheritance" classname="si413.spl.Ex4Test" time="0.004">
    <error message="No binding for variable &apos;y&apos;" type="si413.spl.MockInterpreter$Error"><![CDATA[si413.spl.MockInterpreter$Error: No binding for variable 'y'
	at si413.spl.MockInterpreter.error(MockInterpreter.java:79)
	at si413.spl.Frame.lookup(Frame.java:50)
	at si413.spl.Frame.lookup(Frame.java:45)
	at si413.spl.ast.Id.evaluate(Id.java:21)
	at si413.spl.ast.ArithOp.evaluate(ArithOp.java:27)
	at si413.spl.ast.Asn.execute(Asn.java:24)
	at si413.spl.ast.NewClass.evaluate(NewClass.java:26)
	at si413.spl.ast.Asn.execute(Asn.java:24)
	at si413.spl.ast.Block.execute(Block.java:33)
	at si413.spl.ast.FunCall.evaluate(FunCall.java:26)
	at si413.spl.ast.ClassRef.evaluate(ClassRef.java:19)
	at si413.spl.ast.Write.execute(Write.java:17)
	at si413.spl.MockInterpreter.run(MockInterpreter.java:95)
	at si413.spl.SPLTestBase.runSpli(SPLTestBase.java:33)
	at si413.spl.SPLTestBase.runSpli(SPLTestBase.java:42)
	at si413.spl.Ex4Test.funkyInheritance(Ex4Test.java:43)
	at java.base/java.lang.reflect.Method.invoke(Method.java:580)
	at java.base/java.util.concurrent.FutureTask.run(FutureTask.java:317)
	at java.base/java.util.concurrent.ThreadPoolExecutor.runWorker(ThreadPoolExecutor.java:1144)
	at java.base/java.util.concurrent.ThreadPoolExecutor$Worker.run(ThreadPoolExecutor.java:642)
	at java.base/java.lang.Thread.run(Thread.java:1583)
]]></error>
    <system-err><![CDATA[FAILED
  Cannot invoke "si413.spl.ast.ClassDecl.getBody()" because the return value of "si413.spl.ClassClosure.getSuperCls()" is null
Test case funkyInheritance()...]]></system-err>
  </testcase>
</testsuite>