<?xml version="1.0" encoding="UTF-8"?>
<testsuite xmlns:xsi="http://www.w3.org/2001/XMLSchema-instance" xsi:noNamespaceSchemaLocation="https://maven.apache.org/surefire/maven-surefire-plugin/xsd/surefire-test-report-3.0.xsd" version="3.0" name="si413.spl.Ex4Test" time="0.27" tests="3" errors="3" skipped="0" failures="0">
  <properties>
[...]
</properties>
  <testcase name="employees" classname="si413.spl.Ex4Test" time="0.201">
    <error message="Cannot bind &apos;paycheck&apos;, already set to &apos;Closure#5&apos;" type="si413.spl.MockInterpreter$Error"><![CDATA[si413.spl.MockInterpreter$Error: Cannot bind 'paycheck', already set to 'Closure#5'
	at si413.spl.MockInterpreter.error(MockInterpreter.java:79)
	at si413.spl.Frame.bind(Frame.java:61)
	at si413.spl.ast.NewStmt.execute(NewStmt.java:25)
	at si413.spl.ast.NewClass.evaluate(NewClass.java:22)
	at si413.spl.ast.NewStmt.execute(NewStmt.java:24)
	at si413.spl.MockInterpreter.run(MockInterpreter.java:95)
	at si413.spl.SPLTestBase.runSpli(SPLTestBase.java:33)
	at si413.spl.SPLTestBase.runSpli(SPLTestBase.java:42)
	at si413.spl.Ex4Test.employees(Ex4Test.java:10)
	at java.base/java.lang.reflect.Method.invoke(Method.java:580)
	at java.base/java.util.concurrent.FutureTask.run(FutureTask.java:317)
	at java.base/java.util.concurrent.ThreadPoolExecutor.runWorker(ThreadPoolExecutor.java:1144)
	at java.base/java.util.concurrent.ThreadPoolExecutor$Worker.run(ThreadPoolExecutor.java:642)
	at java.base/java.lang.Thread.run(Thread.java:1583)
]]></error>
    <system-err><![CDATA[Running tests from Ex4Test
Test case employees()...]]></system-err>
  </testcase>
  <testcase name="bstInheritance" classname="si413.spl.Ex4Test" time="0.023">
    <error message="Cannot invoke &quot;si413.spl.ast.ClassDecl.getBody()&quot; because the return value of &quot;si413.spl.ClassClosure.getSuperCls()&quot; is null" type="java.lang.NullPointerException"><![CDATA[java.lang.NullPointerException: Cannot invoke "si413.spl.ast.ClassDecl.getBody()" because the return value of "si413.spl.ClassClosure.getSuperCls()" is null
	at si413.spl.ast.NewClass.evaluate(NewClass.java:21)
	at si413.spl.ast.NewStmt.execute(NewStmt.java:24)
	at si413.spl.MockInterpreter.run(MockInterpreter.java:95)
	at si413.spl.SPLTestBase.runSpli(SPLTestBase.java:33)
	at si413.spl.SPLTestBase.runSpli(SPLTestBase.java:42)
	at si413.spl.Ex4Test.bstInheritance(Ex4Test.java:62)
	at java.base/java.lang.reflect.Method.invoke(Method.java:580)
	at java.base/java.util.concurrent.FutureTask.run(FutureTask.java:317)
	at java.base/java.util.concurrent.ThreadPoolExecutor.runWorker(ThreadPoolExecutor.java:1144)
	at java.base/java.util.concurrent.ThreadPoolExecutor$Worker.run(ThreadPoolExecutor.java:642)
	at java.base/java.lang.Thread.run(Thread.java:1583)
]]></error>
    <system-err><![CDATA[FAILED
  Cannot bind 'paycheck', already set to 'Closure#5'
Test case bstInheritance()...]]></system-err>
  </testcase>
  <testcase name="funkyInheritance" classname="si413.spl.Ex4Test" time="0.004">
    <error message="No binding for variable &apos;y&apos;" type="si413.spl.MockInterpreter$Error"><![CDATA[si413.spl.MockInterpreter$Error: No binding for variable 'y'
	at si413.spl.MockInterpreter.error(MockInterpreter.java:79)
	at si413.spl.Frame.lookup(Frame.java:50)
	at si413.spl.Frame.lookup(Frame.java:45)
	at si413.spl.ast.Id.evaluate(Id.java:21)
	at si413.spl.ast.ArithOp.evaluate(ArithOp.java:27)
	at si413.spl.ast.Asn.execute(Asn.java:24)
	at si413.spl.ast.NewClass.evaluate(NewClass.java:26)
	at si413.spl.ast.Asn.execute(Asn.java:24)
	at si413.spl.ast.Block.execute(Block.java:33)
	at si413.spl.ast.FunCall.evaluate(FunCall.java:26)
	at si413.spl.ast.ClassRef.evaluate(ClassRef.java:19)
	at si413.spl.ast.Write.execute(Write.java:17)
	at si413.spl.MockInterpreter.run(MockInterpreter.java:95)
	at si413.spl.SPLTestBase.runSpli(SPLTestBase.java:33)
	at si413.spl.SPLTestBase.runSpli(SPLTestBase.java:42)
	at si413.spl.Ex4Test.funkyInheritance(Ex4Test.java:43)
	at java.base/java.lang.reflect.Method.invoke(Method.java:580)
	at java.base/java.util.concurrent.FutureTask.run(FutureTask.java:317)
	at java.base/java.util.concurrent.ThreadPoolExecutor.runWorker(ThreadPoolExecutor.java:1144)
	at java.base/java.util.concurrent.ThreadPoolExecutor$Worker.run(ThreadPoolExecutor.java:642)
	at java.base/java.lang.Thread.run(Thread.java:1583)
]]></error>
    <system-err><![CDATA[FAILED
  Cannot invoke "si413.spl.ast.ClassDecl.getBody()" because the return value of "si413.spl.ClassClosure.getSuperCls()" is null
Test case funkyInheritance()...]]></system-err>
  </testcase>
</testsuite>